Build started 4/26/2015 11:24:47 PM.
     1>Project "C:\Users\A Pen Salesman\Desktop\AdvProgFinalProject\AdvProgFinalProject\AdvProgFinalProject.vcxproj" on node 2 (Build target(s)).
     1>ClCompile:
         C:\Program Files (x86)\Microsoft Visual Studio 12.0\VC\bin\CL.exe /c /ZI /nologo /W3 /WX- /sdl /Od /Oy- /D _MBCS /Gm /EHsc /RTC1 /MDd /GS /fp:precise /Zc:wchar_t /Zc:forScope /Fo"Debug\\" /Fd"Debug\vc120.pdb" /Gd /TP /analyze- /errorReport:prompt LinkedList.cpp LinkedList2.cpp LinkedList3.cpp armor.cpp character.cpp functions.cpp item.cpp main.cpp npc.cpp pc.cpp weapon.cpp
         item.cpp
         functions.cpp
     1>c:\users\a pen salesman\desktop\advprogfinalproject\advprogfinalproject\functions.cpp(172): warning C4244: 'argument' : conversion from 'time_t' to 'unsigned int', possible loss of data
     1>c:\users\a pen salesman\desktop\advprogfinalproject\advprogfinalproject\functions.cpp(1160): warning C4101: 'acBonusTemp' : unreferenced local variable
     1>c:\users\a pen salesman\desktop\advprogfinalproject\advprogfinalproject\functions.cpp(1595): warning C4244: '=' : conversion from 'double' to 'int', possible loss of data
     1>c:\users\a pen salesman\desktop\advprogfinalproject\advprogfinalproject\functions.cpp(1776): warning C4244: 'argument' : conversion from 'time_t' to 'unsigned int', possible loss of data
         Generating Code...
         Compiling...
         weapon.cpp
         pc.cpp
         npc.cpp
         main.cpp
         character.cpp
     1>c:\users\a pen salesman\desktop\advprogfinalproject\advprogfinalproject\character.cpp(152): warning C4244: '=' : conversion from 'double' to 'int', possible loss of data
         armor.cpp
         LinkedList3.cpp
         LinkedList2.cpp
         LinkedList.cpp
         Generating Code...
       Link:
         C:\Program Files (x86)\Microsoft Visual Studio 12.0\VC\bin\link.exe /ERRORREPORT:PROMPT /OUT:"C:\Users\A Pen Salesman\Desktop\AdvProgFinalProject\Debug\AdvProgFinalProject.exe" /INCREMENTAL /NOLOGO kernel32.lib user32.lib gdi32.lib winspool.lib comdlg32.lib advapi32.lib shell32.lib ole32.lib oleaut32.lib uuid.lib odbc32.lib odbccp32.lib /MANIFEST /MANIFESTUAC:"level='asInvoker' uiAccess='false'" /manifest:embed /DEBUG /PDB:"C:\Users\A Pen Salesman\Desktop\AdvProgFinalProject\Debug\AdvProgFinalProject.pdb" /TLBID:1 /DYNAMICBASE /NXCOMPAT /IMPLIB:"C:\Users\A Pen Salesman\Desktop\AdvProgFinalProject\Debug\AdvProgFinalProject.lib" /MACHINE:X86 Debug\armor.obj
         Debug\character.obj
         Debug\functions.obj
         Debug\item.obj
         Debug\LinkedList.obj
         Debug\LinkedList2.obj
         Debug\LinkedList3.obj
         Debug\main.obj
         Debug\npc.obj
         Debug\pc.obj
         Debug\weapon.obj
         AdvProgFinalProject.vcxproj -> C:\Users\A Pen Salesman\Desktop\AdvProgFinalProject\Debug\AdvProgFinalProject.exe
     1>Done Building Project "C:\Users\A Pen Salesman\Desktop\AdvProgFinalProject\AdvProgFinalProject\AdvProgFinalProject.vcxproj" (Build target(s)).

Build succeeded.

Time Elapsed 00:00:04.85
