c:\users\ian\desktop\advprogfinalproject\advprogfinalproject\debug\vc120.pdb
c:\users\ian\desktop\advprogfinalproject\advprogfinalproject\debug\vc120.idb
c:\users\ian\desktop\advprogfinalproject\advprogfinalproject\debug\armor.obj
c:\users\ian\desktop\advprogfinalproject\advprogfinalproject\debug\character.obj
c:\users\ian\desktop\advprogfinalproject\advprogfinalproject\debug\functions.obj
c:\users\ian\desktop\advprogfinalproject\advprogfinalproject\debug\item.obj
c:\users\ian\desktop\advprogfinalproject\advprogfinalproject\debug\linkedlist.obj
c:\users\ian\desktop\advprogfinalproject\advprogfinalproject\debug\linkedlist2.obj
c:\users\ian\desktop\advprogfinalproject\advprogfinalproject\debug\linkedlist3.obj
c:\users\ian\desktop\advprogfinalproject\advprogfinalproject\debug\main.obj
c:\users\ian\desktop\advprogfinalproject\advprogfinalproject\debug\npc.obj
c:\users\ian\desktop\advprogfinalproject\advprogfinalproject\debug\pc.obj
c:\users\ian\desktop\advprogfinalproject\advprogfinalproject\debug\weapon.obj
c:\users\ian\desktop\advprogfinalproject\debug\advprogfinalproject.ilk
c:\users\ian\desktop\advprogfinalproject\debug\advprogfinalproject.exe
c:\users\ian\desktop\advprogfinalproject\debug\advprogfinalproject.pdb
c:\users\ian\desktop\advprogfinalproject\advprogfinalproject\debug\advprogf.331a9a17.tlog\cl.command.1.tlog
c:\users\ian\desktop\advprogfinalproject\advprogfinalproject\debug\advprogf.331a9a17.tlog\cl.read.1.tlog
c:\users\ian\desktop\advprogfinalproject\advprogfinalproject\debug\advprogf.331a9a17.tlog\cl.write.1.tlog
c:\users\ian\desktop\advprogfinalproject\advprogfinalproject\debug\advprogf.331a9a17.tlog\link.command.1.tlog
c:\users\ian\desktop\advprogfinalproject\advprogfinalproject\debug\advprogf.331a9a17.tlog\link.read.1.tlog
c:\users\ian\desktop\advprogfinalproject\advprogfinalproject\debug\advprogf.331a9a17.tlog\link.write.1.tlog
